This is pdfTeX, Version 3.141592653-2.6-1.40.27 (MiKTeX 25.4) (preloaded format=pdflatex 2025.5.14)  31 JAN 2026 14:16
entering extended mode
 restricted \write18 enabled.
 file:line:error style messages enabled.
 %&-line parsing enabled.
**c:/Users/pse18/Documents/FraUas/Vertiefungsprojekt/Ausarbeitung/space-robot-simulation-using-formal-methods/access.tex
(c:/Users/pse18/Documents/FraUas/Vertiefungsprojekt/Ausarbeitung/space-robot-simulation-using-formal-methods/access.tex
LaTeX2e <2024-11-01> patch level 2
L3 programming layer <2025-04-14>
(ieeeaccess.cls (IEEEtran.cls
Document Class: IEEEtran 2015/08/26 V1.8b by Michael Shell
-- See the "IEEEtran_HOWTO" manual for usage information.
-- http://www.michaelshell.org/tex/ieeetran/
\@IEEEtrantmpdimenA=\dimen146
\@IEEEtrantmpdimenB=\dimen147
\@IEEEtrantmpdimenC=\dimen148
\@IEEEtrantmpcountA=\count272
\@IEEEtrantmpcountB=\count273
\@IEEEtrantmpcountC=\count274
\@IEEEtrantmptoksA=\toks17
LaTeX Font Info:    Trying to load font information for OT1+ptm on input line 503.
(C:\Users\pse18\AppData\Local\Programs\MiKTeX\tex/latex/psnfss\ot1ptm.fd
File: ot1ptm.fd 2001/06/04 font definitions for OT1/ptm.
)
-- Using 8.5in x 11in (letter) paper.
-- Using PDF output.
\@IEEEnormalsizeunitybaselineskip=\dimen149
-- This is a 10 point document.
\CLASSINFOnormalsizebaselineskip=\dimen150
\CLASSINFOnormalsizeunitybaselineskip=\dimen151
\IEEEnormaljot=\dimen152
LaTeX Font Info:    Font shape `OT1/ptm/bx/n' in size <5> not available
(Font)              Font shape `OT1/ptm/b/n' tried instead on input line 1090.
LaTeX Font Info:    Font shape `OT1/ptm/bx/it' in size <5> not available
(Font)              Font shape `OT1/ptm/b/it' tried instead on input line 1090.
LaTeX Font Info:    Font shape `OT1/ptm/bx/n' in size <7> not available
(Font)              Font shape `OT1/ptm/b/n' tried instead on input line 1090.
LaTeX Font Info:    Font shape `OT1/ptm/bx/it' in size <7> not available
(Font)              Font shape `OT1/ptm/b/it' tried instead on input line 1090.
LaTeX Font Info:    Font shape `OT1/ptm/bx/n' in size <8> not available
(Font)              Font shape `OT1/ptm/b/n' tried instead on input line 1090.
LaTeX Font Info:    Font shape `OT1/ptm/bx/it' in size <8> not available
(Font)              Font shape `OT1/ptm/b/it' tried instead on input line 1090.
LaTeX Font Info:    Font shape `OT1/ptm/bx/n' in size <9> not available
(Font)              Font shape `OT1/ptm/b/n' tried instead on input line 1090.
LaTeX Font Info:    Font shape `OT1/ptm/bx/it' in size <9> not available
(Font)              Font shape `OT1/ptm/b/it' tried instead on input line 1090.
LaTeX Font Info:    Font shape `OT1/ptm/bx/n' in size <10> not available
(Font)              Font shape `OT1/ptm/b/n' tried instead on input line 1090.
LaTeX Font Info:    Font shape `OT1/ptm/bx/it' in size <10> not available
(Font)              Font shape `OT1/ptm/b/it' tried instead on input line 1090.
LaTeX Font Info:    Font shape `OT1/ptm/bx/n' in size <11> not available
(Font)              Font shape `OT1/ptm/b/n' tried instead on input line 1090.
LaTeX Font Info:    Font shape `OT1/ptm/bx/it' in size <11> not available
(Font)              Font shape `OT1/ptm/b/it' tried instead on input line 1090.
LaTeX Font Info:    Font shape `OT1/ptm/bx/n' in size <12> not available
(Font)              Font shape `OT1/ptm/b/n' tried instead on input line 1090.
LaTeX Font Info:    Font shape `OT1/ptm/bx/it' in size <12> not available
(Font)              Font shape `OT1/ptm/b/it' tried instead on input line 1090.
LaTeX Font Info:    Font shape `OT1/ptm/bx/n' in size <17> not available
(Font)              Font shape `OT1/ptm/b/n' tried instead on input line 1090.
LaTeX Font Info:    Font shape `OT1/ptm/bx/it' in size <17> not available
(Font)              Font shape `OT1/ptm/b/it' tried instead on input line 1090.
LaTeX Font Info:    Font shape `OT1/ptm/bx/n' in size <20> not available
(Font)              Font shape `OT1/ptm/b/n' tried instead on input line 1090.
LaTeX Font Info:    Font shape `OT1/ptm/bx/it' in size <20> not available
(Font)              Font shape `OT1/ptm/b/it' tried instead on input line 1090.
LaTeX Font Info:    Font shape `OT1/ptm/bx/n' in size <24> not available
(Font)              Font shape `OT1/ptm/b/n' tried instead on input line 1090.
LaTeX Font Info:    Font shape `OT1/ptm/bx/it' in size <24> not available
(Font)              Font shape `OT1/ptm/b/it' tried instead on input line 1090.
\IEEEquantizedlength=\dimen153
\IEEEquantizedlengthdiff=\dimen154
\IEEEquantizedtextheightdiff=\dimen155
\IEEEilabelindentA=\dimen156
\IEEEilabelindentB=\dimen157
\IEEEilabelindent=\dimen158
\IEEEelabelindent=\dimen159
\IEEEdlabelindent=\dimen160
\IEEElabelindent=\dimen161
\IEEEiednormlabelsep=\dimen162
\IEEEiedmathlabelsep=\dimen163
\IEEEiedtopsep=\skip49
\c@section=\count275
\c@subsection=\count276
\c@subsubsection=\count277
\c@paragraph=\count278
\c@IEEEsubequation=\count279
\abovecaptionskip=\skip50
\belowcaptionskip=\skip51
\c@figure=\count280
\c@table=\count281
\@IEEEeqnnumcols=\count282
\@IEEEeqncolcnt=\count283
\@IEEEsubeqnnumrollback=\count284
\@IEEEquantizeheightA=\dimen164
\@IEEEquantizeheightB=\dimen165
\@IEEEquantizeheightC=\dimen166
\@IEEEquantizeprevdepth=\dimen167
\@IEEEquantizemultiple=\count285
\@IEEEquantizeboxA=\box53
\@IEEEtmpitemindent=\dimen168
\IEEEPARstartletwidth=\dimen169
\c@IEEEbiography=\count286
\@IEEEtranrubishbin=\box54
) (C:\Users\pse18\AppData\Local\Programs\MiKTeX\tex/generic/iftex\ifpdf.sty
Package: ifpdf 2019/10/25 v3.4 ifpdf legacy package. Use iftex instead.
 (C:\Users\pse18\AppData\Local\Programs\MiKTeX\tex/generic/iftex\iftex.sty
Package: iftex 2024/12/12 v1.0g TeX engine tests
)) (C:\Users\pse18\AppData\Local\Programs\MiKTeX\tex/latex/xkeyval\xkeyval.sty
Package: xkeyval 2022/06/16 v2.9 package option processing (HA)
 (C:\Users\pse18\AppData\Local\Programs\MiKTeX\tex/generic/xkeyval\xkeyval.tex (C:\Users\pse18\AppData\Local\Programs\MiKTeX\tex/generic/xkeyval\xkvutils.tex
\XKV@toks=\toks18
\XKV@tempa@toks=\toks19
 (C:\Users\pse18\AppData\Local\Programs\MiKTeX\tex/generic/xkeyval\keyval.tex))
\XKV@depth=\count287
File: xkeyval.tex 2014/12/03 v2.7a key=value parser (HA)
)){C:/Users/pse18/AppData/Local/MiKTeX/fonts/map/pdftex/pdftex.map}

pdfTeX warning: pdflatex (file t1-times.map): cannot open font map file


pdfTeX warning: pdflatex (file t1-formata.map): cannot open font map file


pdfTeX warning: pdflatex (file t1-giovannistd.map): cannot open font map file
\@draftversionrule=\dimen170
(C:\Users\pse18\AppData\Local\Programs\MiKTeX\tex/latex/graphics\color.sty
Package: color 2024/06/23 v1.3e Standard LaTeX Color (DPC)
 (C:\Users\pse18\AppData\Local\Programs\MiKTeX\tex/latex/graphics-cfg\color.cfg
File: color.cfg 2016/01/02 v1.6 sample color configuration
)
Package color Info: Driver file: pdftex.def on input line 149.
 (C:\Users\pse18\AppData\Local\Programs\MiKTeX\tex/latex/graphics-def\pdftex.def
File: pdftex.def 2024/04/13 v1.2c Graphics/color driver for pdftex
) (C:\Users\pse18\AppData\Local\Programs\MiKTeX\tex/latex/graphics\mathcolor.ltx)) (C:\Users\pse18\AppData\Local\Programs\MiKTeX\tex/latex/spotcolor\spotcolor.sty
Package: spotcolor 2006/11/15 v1.2 Package for adding Spot Color support to pdfLaTeX.
 (C:\Users\pse18\AppData\Local\Programs\MiKTeX\tex/latex/graphics\graphics.sty
Package: graphics 2024/08/06 v1.4g Standard LaTeX Graphics (DPC,SPQR)
 (C:\Users\pse18\AppData\Local\Programs\MiKTeX\tex/latex/graphics\trig.sty
Package: trig 2023/12/02 v1.11 sin cos tan (DPC)
) (C:\Users\pse18\AppData\Local\Programs\MiKTeX\tex/latex/graphics-cfg\graphics.cfg
File: graphics.cfg 2016/06/04 v1.11 sample graphics configuration
)
Package graphics Info: Driver file: pdftex.def on input line 106.
)
\thecolorprofile=\count288
\thecolor=\count289
)
\PANTONE=\toks20
Package color Info: Redefining color black on input line 134.
\figbox=\box55
\titlewidth=\skip52
\abstractwidth=\skip53
\c@addrCtr=\count290
\abstractbox=\box56
\indexbox=\box57
\absht=\dimen171
\kwdht=\dimen172
\@tempcntc=\count291
\titlepgskip=\skip54
\maketitlebox=\box58
) (C:\Users\pse18\AppData\Local\Programs\MiKTeX\tex/latex/cite\cite.sty
LaTeX Info: Redefining \cite on input line 302.
LaTeX Info: Redefining \nocite on input line 332.
Package: cite 2015/02/27  v 5.5
) (C:\Users\pse18\AppData\Local\Programs\MiKTeX\tex/latex/amsmath\amsmath.sty
Package: amsmath 2024/11/05 v2.17t AMS math features
\@mathmargin=\skip55

For additional information on amsmath, use the `?' option.
(C:\Users\pse18\AppData\Local\Programs\MiKTeX\tex/latex/amsmath\amstext.sty
Package: amstext 2021/08/26 v2.01 AMS text
 (C:\Users\pse18\AppData\Local\Programs\MiKTeX\tex/latex/amsmath\amsgen.sty
File: amsgen.sty 1999/11/30 v2.0 generic functions
\@emptytoks=\toks21
\ex@=\dimen173
)) (C:\Users\pse18\AppData\Local\Programs\MiKTeX\tex/latex/amsmath\amsbsy.sty
Package: amsbsy 1999/11/29 v1.2d Bold Symbols
\pmbraise@=\dimen174
) (C:\Users\pse18\AppData\Local\Programs\MiKTeX\tex/latex/amsmath\amsopn.sty
Package: amsopn 2022/04/08 v2.04 operator names
)
\inf@bad=\count292
LaTeX Info: Redefining \frac on input line 233.
\uproot@=\count293
\leftroot@=\count294
LaTeX Info: Redefining \overline on input line 398.
LaTeX Info: Redefining \colon on input line 409.
\classnum@=\count295
\DOTSCASE@=\count296
LaTeX Info: Redefining \ldots on input line 495.
LaTeX Info: Redefining \dots on input line 498.
LaTeX Info: Redefining \cdots on input line 619.
\Mathstrutbox@=\box59
\strutbox@=\box60
LaTeX Info: Redefining \big on input line 721.
LaTeX Info: Redefining \Big on input line 722.
LaTeX Info: Redefining \bigg on input line 723.
LaTeX Info: Redefining \Bigg on input line 724.
\big@size=\dimen175
LaTeX Font Info:    Redeclaring font encoding OML on input line 742.
LaTeX Font Info:    Redeclaring font encoding OMS on input line 743.
\macc@depth=\count297
LaTeX Info: Redefining \bmod on input line 904.
LaTeX Info: Redefining \pmod on input line 909.
LaTeX Info: Redefining \smash on input line 939.
LaTeX Info: Redefining \relbar on input line 969.
LaTeX Info: Redefining \Relbar on input line 970.
\c@MaxMatrixCols=\count298
\dotsspace@=\muskip17
\c@parentequation=\count299
\dspbrk@lvl=\count300
\tag@help=\toks22
\row@=\count301
\column@=\count302
\maxfields@=\count303
\andhelp@=\toks23
\eqnshift@=\dimen176
\alignsep@=\dimen177
\tagshift@=\dimen178
\tagwidth@=\dimen179
\totwidth@=\dimen180
\lineht@=\dimen181
\@envbody=\toks24
\multlinegap=\skip56
\multlinetaggap=\skip57
\mathdisplay@stack=\toks25
LaTeX Info: Redefining \[ on input line 2953.
LaTeX Info: Redefining \] on input line 2954.
) (C:\Users\pse18\AppData\Local\Programs\MiKTeX\tex/latex/amsfonts\amssymb.sty
Package: amssymb 2013/01/14 v3.01 AMS font symbols
 (C:\Users\pse18\AppData\Local\Programs\MiKTeX\tex/latex/amsfonts\amsfonts.sty
Package: amsfonts 2013/01/14 v3.01 Basic AMSFonts support
\symAMSa=\mathgroup4
\symAMSb=\mathgroup5
LaTeX Font Info:    Redeclaring math symbol \hbar on input line 98.
LaTeX Font Info:    Overwriting math alphabet `\mathfrak' in version `bold'
(Font)                  U/euf/m/n --> U/euf/b/n on input line 106.
)) (C:\Users\pse18\AppData\Local\Programs\MiKTeX\tex/latex/algorithms\algorithmic.sty
Package: algorithmic 2009/08/24 v0.1 Document Style `algorithmic'
 (C:\Users\pse18\AppData\Local\Programs\MiKTeX\tex/latex/base\ifthen.sty
Package: ifthen 2024/03/16 v1.1e Standard LaTeX ifthen package (DPC)
)
\c@ALC@unique=\count304
\c@ALC@line=\count305
\c@ALC@rem=\count306
\c@ALC@depth=\count307
\ALC@tlm=\skip58
\algorithmicindent=\skip59
) (C:\Users\pse18\AppData\Local\Programs\MiKTeX\tex/latex/graphics\graphicx.sty
Package: graphicx 2021/09/16 v1.2d Enhanced LaTeX Graphics (DPC,SPQR)
\Gin@req@height=\dimen182
\Gin@req@width=\dimen183
) (C:\Users\pse18\AppData\Local\Programs\MiKTeX\tex/latex/base\textcomp.sty
Package: textcomp 2024/04/24 v2.1b Standard LaTeX package
) (C:\Users\pse18\AppData\Local\Programs\MiKTeX\tex/latex/makecell\makecell.sty
Package: makecell 2009/08/03 V0.1e Managing of Tab Column Heads and Cells
 (C:\Users\pse18\AppData\Local\Programs\MiKTeX\tex/latex/tools\array.sty
Package: array 2024/10/17 v2.6g Tabular extension package (FMi)
\col@sep=\dimen184
\ar@mcellbox=\box61
\extrarowheight=\dimen185
\NC@list=\toks26
\extratabsurround=\skip60
\backup@length=\skip61
\ar@cellbox=\box62
)
\rotheadsize=\dimen186
\c@nlinenum=\count308
\TeXr@lab=\toks27
) (C:\Users\pse18\AppData\Local\Programs\MiKTeX\tex/latex/booktabs\booktabs.sty
Package: booktabs 2020/01/12 v1.61803398 Publication quality tables
\heavyrulewidth=\dimen187
\lightrulewidth=\dimen188
\cmidrulewidth=\dimen189
\belowrulesep=\dimen190
\belowbottomsep=\dimen191
\aboverulesep=\dimen192
\abovetopsep=\dimen193
\cmidrulesep=\dimen194
\cmidrulekern=\dimen195
\defaultaddspace=\dimen196
\@cmidla=\count309
\@cmidlb=\count310
\@aboverulesep=\dimen197
\@belowrulesep=\dimen198
\@thisruleclass=\count311
\@lastruleclass=\count312
\@thisrulewidth=\dimen199
) (C:\Users\pse18\AppData\Local\Programs\MiKTeX\tex/latex/float\float.sty
Package: float 2001/11/08 v1.3d Float enhancements (AL)
\c@float@type=\count313
\float@exts=\toks28
\float@box=\box63
\@float@everytoks=\toks29
\@floatcapt=\box64
) (C:\Users\pse18\AppData\Local\Programs\MiKTeX\tex/latex/caption\subcaption.sty
Package: subcaption 2023/07/28 v1.6b Sub-captions (AR)
 (C:\Users\pse18\AppData\Local\Programs\MiKTeX\tex/latex/caption\caption.sty
Package: caption 2023/08/05 v3.6o Customizing captions (AR)
 (C:\Users\pse18\AppData\Local\Programs\MiKTeX\tex/latex/caption\caption3.sty
Package: caption3 2023/07/31 v2.4d caption3 kernel (AR)
\caption@tempdima=\dimen256
\captionmargin=\dimen257
\caption@leftmargin=\dimen258
\caption@rightmargin=\dimen259
\caption@width=\dimen260
\caption@indent=\dimen261
\caption@parindent=\dimen262
\caption@hangindent=\dimen263
Package caption Info: Unknown document class (or package),
(caption)             standard defaults will be used.
Package caption Info: \@makecaption = \long macro:#1#2->\ifx \@captype \@IEEEtablestring \begin {flushleft} \vspace *{5pt} {\vss \color {accessblue}\tablecapheadfont #1. \ }{\raggedright \tablecapfont #2\vss }\end {flushleft} \@IEEEtablecaptionsepspace \else \@IEEEfigurecaptionsepspace \setbox \@tempboxa \hbox {\strut {\color {accessblue}\figcapheadfont #1. \ }\raggedright \figcapfont #2\strut }\ifdim \xfigwd >\columnwidth \setbox \@tempboxa \hbox {{\color {accessblue}\figcapheadfont #1. \ }}\mbox {}\hfill \begin {tabular}{@{}l@{}}\noindent \raggedright \unhbox \@tempboxa \figcapfont #2\end {tabular}\hfill \mbox {}\else \setbox \@tempboxa \hbox {{\color {accessblue}\figcapheadfont #1. \ }}{\vss \raggedright \noindent \unhbox \@tempboxa \figcapfont #2\vss }\fi \fi \vskip 1pt plus 1pt minus 1pt on input line 1175.
)

Package caption Warning: Unknown document class (or package),
(caption)                standard defaults will be used.
See the caption package documentation for explanation.

\c@caption@flags=\count314
\c@continuedfloat=\count315
Package caption Info: float package is loaded.
)
Package caption Info: New subtype `subfigure' on input line 238.
\c@subfigure=\count316
Package caption Info: New subtype `subtable' on input line 238.
\c@subtable=\count317
) (C:\Users\pse18\AppData\Local\Programs\MiKTeX\tex/latex/hyperref\hyperref.sty
Package: hyperref 2024-11-05 v7.01l Hypertext links for LaTeX
 (C:\Users\pse18\AppData\Local\Programs\MiKTeX\tex/latex/kvsetkeys\kvsetkeys.sty
Package: kvsetkeys 2022-10-05 v1.19 Key value parser (HO)
) (C:\Users\pse18\AppData\Local\Programs\MiKTeX\tex/generic/kvdefinekeys\kvdefinekeys.sty
Package: kvdefinekeys 2019-12-19 v1.6 Define keys (HO)
) (C:\Users\pse18\AppData\Local\Programs\MiKTeX\tex/generic/pdfescape\pdfescape.sty
Package: pdfescape 2019/12/09 v1.15 Implements pdfTeX's escape features (HO)
 (C:\Users\pse18\AppData\Local\Programs\MiKTeX\tex/generic/ltxcmds\ltxcmds.sty
Package: ltxcmds 2023-12-04 v1.26 LaTeX kernel commands for general use (HO)
) (C:\Users\pse18\AppData\Local\Programs\MiKTeX\tex/generic/pdftexcmds\pdftexcmds.sty
Package: pdftexcmds 2020-06-27 v0.33 Utility functions of pdfTeX for LuaTeX (HO)
 (C:\Users\pse18\AppData\Local\Programs\MiKTeX\tex/generic/infwarerr\infwarerr.sty
Package: infwarerr 2019/12/03 v1.5 Providing info/warning/error messages (HO)
)
Package pdftexcmds Info: \pdf@primitive is available.
Package pdftexcmds Info: \pdf@ifprimitive is available.
Package pdftexcmds Info: \pdfdraftmode found.
)) (C:\Users\pse18\AppData\Local\Programs\MiKTeX\tex/latex/hycolor\hycolor.sty
Package: hycolor 2020-01-27 v1.10 Color options for hyperref/bookmark (HO)
) (C:\Users\pse18\AppData\Local\Programs\MiKTeX\tex/latex/hyperref\nameref.sty
Package: nameref 2023-11-26 v2.56 Cross-referencing by name of section
 (C:\Users\pse18\AppData\Local\Programs\MiKTeX\tex/latex/refcount\refcount.sty
Package: refcount 2019/12/15 v3.6 Data extraction from label references (HO)
) (C:\Users\pse18\AppData\Local\Programs\MiKTeX\tex/generic/gettitlestring\gettitlestring.sty
Package: gettitlestring 2019/12/15 v1.6 Cleanup title references (HO)
 (C:\Users\pse18\AppData\Local\Programs\MiKTeX\tex/latex/kvoptions\kvoptions.sty
Package: kvoptions 2022-06-15 v3.15 Key value format for package options (HO)
))
\c@section@level=\count318
) (C:\Users\pse18\AppData\Local\Programs\MiKTeX\tex/latex/etoolbox\etoolbox.sty
Package: etoolbox 2025/02/11 v2.5l e-TeX tools for LaTeX (JAW)
\etb@tempcnta=\count319
) (C:\Users\pse18\AppData\Local\Programs\MiKTeX\tex/generic/stringenc\stringenc.sty
Package: stringenc 2019/11/29 v1.12 Convert strings between diff. encodings (HO)
)
\@linkdim=\dimen264
\Hy@linkcounter=\count320
\Hy@pagecounter=\count321
 (C:\Users\pse18\AppData\Local\Programs\MiKTeX\tex/latex/hyperref\pd1enc.def
File: pd1enc.def 2024-11-05 v7.01l Hyperref: PDFDocEncoding definition (HO)
Now handling font encoding PD1 ...
... no UTF-8 mapping file for font encoding PD1
) (C:\Users\pse18\AppData\Local\Programs\MiKTeX\tex/generic/intcalc\intcalc.sty
Package: intcalc 2019/12/15 v1.3 Expandable calculations with integers (HO)
)
\Hy@SavedSpaceFactor=\count322
 (C:\Users\pse18\AppData\Local\Programs\MiKTeX\tex/latex/hyperref\puenc.def
File: puenc.def 2024-11-05 v7.01l Hyperref: PDF Unicode definition (HO)
Now handling font encoding PU ...
... no UTF-8 mapping file for font encoding PU
)
Package hyperref Info: Hyper figures OFF on input line 4157.
Package hyperref Info: Link nesting OFF on input line 4162.
Package hyperref Info: Hyper index ON on input line 4165.
Package hyperref Info: Plain pages OFF on input line 4172.
Package hyperref Info: Backreferencing OFF on input line 4177.
Package hyperref Info: Implicit mode ON; LaTeX internals redefined.
Package hyperref Info: Bookmarks ON on input line 4424.
\c@Hy@tempcnt=\count323
 (C:\Users\pse18\AppData\Local\Programs\MiKTeX\tex/latex/url\url.sty
\Urlmuskip=\muskip18
Package: url 2013/09/16  ver 3.4  Verb mode for urls, etc.
)
LaTeX Info: Redefining \url on input line 4763.
\XeTeXLinkMargin=\dimen265
 (C:\Users\pse18\AppData\Local\Programs\MiKTeX\tex/generic/bitset\bitset.sty
Package: bitset 2019/12/09 v1.3 Handle bit-vector datatype (HO)
 (C:\Users\pse18\AppData\Local\Programs\MiKTeX\tex/generic/bigintcalc\bigintcalc.sty
Package: bigintcalc 2019/12/15 v1.5 Expandable calculations on big integers (HO)
))
\Fld@menulength=\count324
\Field@Width=\dimen266
\Fld@charsize=\dimen267
Package hyperref Info: Hyper figures OFF on input line 6042.
Package hyperref Info: Link nesting OFF on input line 6047.
Package hyperref Info: Hyper index ON on input line 6050.
Package hyperref Info: backreferencing OFF on input line 6057.
Package hyperref Info: Link coloring OFF on input line 6062.
Package hyperref Info: Link coloring with OCG OFF on input line 6067.
Package hyperref Info: PDF/A mode OFF on input line 6072.
 (C:\Users\pse18\AppData\Local\Programs\MiKTeX\tex/latex/base\atbegshi-ltx.sty
Package: atbegshi-ltx 2021/01/10 v1.0c Emulation of the original atbegshi
package with kernel methods
)
\Hy@abspage=\count325
\c@Item=\count326
\c@Hfootnote=\count327
)
Package hyperref Info: Driver (autodetected): hpdftex.
 (C:\Users\pse18\AppData\Local\Programs\MiKTeX\tex/latex/hyperref\hpdftex.def
File: hpdftex.def 2024-11-05 v7.01l Hyperref driver for pdfTeX
 (C:\Users\pse18\AppData\Local\Programs\MiKTeX\tex/latex/base\atveryend-ltx.sty
Package: atveryend-ltx 2020/08/19 v1.0a Emulation of the original atveryend package
with kernel methods
)
\Fld@listcount=\count328
\c@bookmark@seq@number=\count329
 (C:\Users\pse18\AppData\Local\Programs\MiKTeX\tex/latex/rerunfilecheck\rerunfilecheck.sty
Package: rerunfilecheck 2022-07-10 v1.10 Rerun checks for auxiliary files (HO)
 (C:\Users\pse18\AppData\Local\Programs\MiKTeX\tex/generic/uniquecounter\uniquecounter.sty
Package: uniquecounter 2019/12/15 v1.4 Provide unlimited unique counter (HO)
)
Package uniquecounter Info: New unique counter `rerunfilecheck' on input line 285.
)
\Hy@SectionHShift=\skip62
) (C:\Users\pse18\AppData\Local\Programs\MiKTeX\tex/latex/tools\varioref.sty
Package: varioref 2024/05/23 v1.6g package for extended references (FMi)
\c@vrcnt=\count330
) (C:\Users\pse18\AppData\Local\Programs\MiKTeX\tex/latex/cleveref\cleveref.sty
Package: cleveref 2018/03/27 v0.21.4 Intelligent cross-referencing
Package cleveref Info: `hyperref' support loaded on input line 2370.
LaTeX Info: Redefining \cref on input line 2370.
LaTeX Info: Redefining \Cref on input line 2370.
LaTeX Info: Redefining \crefrange on input line 2370.
LaTeX Info: Redefining \Crefrange on input line 2370.
LaTeX Info: Redefining \cpageref on input line 2370.
LaTeX Info: Redefining \Cpageref on input line 2370.
LaTeX Info: Redefining \cpagerefrange on input line 2370.
LaTeX Info: Redefining \Cpagerefrange on input line 2370.
LaTeX Info: Redefining \labelcref on input line 2370.
LaTeX Info: Redefining \labelcpageref on input line 2370.
Package cleveref Info: `varioref' support loaded on input line 2605.
Package cleveref Info: `cleveref' supersedes `varioref's \labelformatcommand on input line 2605.
LaTeX Info: Redefining \vref on input line 2605.
LaTeX Info: Redefining \Vref on input line 2605.
LaTeX Info: Redefining \vrefrange on input line 2605.
LaTeX Info: Redefining \fullref on input line 2605.
) (C:\Users\pse18\AppData\Local\Programs\MiKTeX\tex/latex/xcolor\xcolor.sty
Package: xcolor 2024/09/29 v3.02 LaTeX color extensions (UK)
 (C:\Users\pse18\AppData\Local\Programs\MiKTeX\tex/latex/graphics-cfg\color.cfg
File: color.cfg 2016/01/02 v1.6 sample color configuration
)
Package xcolor Info: Driver file: pdftex.def on input line 274.
LaTeX Info: Redefining \color on input line 762.
 (C:\Users\pse18\AppData\Local\Programs\MiKTeX\tex/latex/graphics\mathcolor.ltx)
Package xcolor Info: Model `cmy' substituted by `cmy0' on input line 1349.
Package xcolor Info: Model `hsb' substituted by `rgb' on input line 1353.
Package xcolor Info: Model `RGB' extended on input line 1365.
Package xcolor Info: Model `HTML' substituted by `rgb' on input line 1367.
Package xcolor Info: Model `Hsb' substituted by `hsb' on input line 1368.
Package xcolor Info: Model `tHsb' substituted by `hsb' on input line 1369.
Package xcolor Info: Model `HSB' substituted by `hsb' on input line 1370.
Package xcolor Info: Model `Gray' substituted by `gray' on input line 1371.
Package xcolor Info: Model `wave' substituted by `hsb' on input line 1372.
)
Package hyperref Info: Option `colorlinks' set `true' on input line 15.
 (C:\Users\pse18\AppData\Local\Programs\MiKTeX\tex/latex/l3backend\l3backend-pdftex.def
File: l3backend-pdftex.def 2025-04-14 L3 backend support: PDF output (pdfTeX)
\l__color_backend_stack_int=\count331
) (access.aux)
\openout1 = `access.aux'.

LaTeX Font Info:    Checking defaults for OML/cmm/m/it on input line 19.
LaTeX Font Info:    ... okay on input line 19.
LaTeX Font Info:    Checking defaults for OMS/cmsy/m/n on input line 19.
LaTeX Font Info:    ... okay on input line 19.
LaTeX Font Info:    Checking defaults for OT1/cmr/m/n on input line 19.
LaTeX Font Info:    ... okay on input line 19.
LaTeX Font Info:    Checking defaults for T1/cmr/m/n on input line 19.
LaTeX Font Info:    ... okay on input line 19.
LaTeX Font Info:    Checking defaults for TS1/cmr/m/n on input line 19.
LaTeX Font Info:    ... okay on input line 19.
LaTeX Font Info:    Checking defaults for OMX/cmex/m/n on input line 19.
LaTeX Font Info:    ... okay on input line 19.
LaTeX Font Info:    Checking defaults for U/cmr/m/n on input line 19.
LaTeX Font Info:    ... okay on input line 19.
LaTeX Font Info:    Checking defaults for PD1/pdf/m/n on input line 19.
LaTeX Font Info:    ... okay on input line 19.
LaTeX Font Info:    Checking defaults for PU/pdf/m/n on input line 19.
LaTeX Font Info:    ... okay on input line 19.

-- Lines per column: 56 (exact).
LaTeX Font Info:    Trying to load font information for T1+ptm on input line 19.
(C:\Users\pse18\AppData\Local\Programs\MiKTeX\tex/latex/psnfss\t1ptm.fd
File: t1ptm.fd 2001/06/04 font definitions for T1/ptm.
)

LaTeX Font Warning: Font shape `T1/ptm/n/n' undefined
(Font)              using `T1/ptm/m/n' instead on input line 19.

(C:\Users\pse18\AppData\Local\Programs\MiKTeX\tex/context/base/mkii\supp-pdf.mkii
[Loading MPS to PDF converter (version 2006.09.02).]
\scratchcounter=\count332
\scratchdimen=\dimen268
\scratchbox=\box65
\nofMPsegments=\count333
\nofMParguments=\count334
\everyMPshowfont=\toks30
\MPscratchCnt=\count335
\MPscratchDim=\dimen269
\MPnumerator=\count336
\makeMPintoPDFobject=\count337
\everyMPtoPDFconversion=\toks31
) (C:\Users\pse18\AppData\Local\Programs\MiKTeX\tex/latex/epstopdf-pkg\epstopdf-base.sty
Package: epstopdf-base 2020-01-24 v2.11 Base part for package epstopdf
Package epstopdf-base Info: Redefining graphics rule for `.eps' on input line 485.
 (C:\Users\pse18\AppData\Local\Programs\MiKTeX\tex/latex/00miktex\epstopdf-sys.cfg
File: epstopdf-sys.cfg 2021/03/18 v2.0 Configuration of epstopdf for MiKTeX
))
Package caption Info: Begin \AtBeginDocument code.
Package caption Info: hyperref package is loaded.
Package caption Info: End \AtBeginDocument code.
Package hyperref Info: Link coloring ON on input line 19.
 (access.out) (access.out)
\@outlinefile=\write3
\openout3 = `access.out'.

<bullet.png, id=63, 12.045pt x 35.38219pt>
File: bullet.png Graphic file (type png)
<use bullet.png>
Package pdftex.def Info: bullet.png  used on input line 41.
(pdftex.def)             Requested size: 5.0pt x 14.6871pt.


Package xcolor Warning: Incompatible color definition on input line 41.

LaTeX Font Info:    Trying to load font information for T1+phv on input line 41.
(C:\Users\pse18\AppData\Local\Programs\MiKTeX\tex/latex/psnfss\t1phv.fd
File: t1phv.fd 2020/03/25 scalable font definitions for T1/phv.
)

LaTeX Font Warning: Font shape `T1/phv/n/n' undefined
(Font)              using `T1/phv/m/n' instead on input line 41.

File: bullet.png Graphic file (type png)
<use bullet.png>
Package pdftex.def Info: bullet.png  used on input line 59.
(pdftex.def)             Requested size: 5.0pt x 14.6871pt.

Package xcolor Warning: Incompatible color definition on input line 59.


Package xcolor Warning: Incompatible color definition on input line 66.

LaTeX Font Info:    Calculating math sizes for size <9.9> on input line 66.
LaTeX Font Info:    Trying to load font information for U+msa on input line 66.
(C:\Users\pse18\AppData\Local\Programs\MiKTeX\tex/latex/amsfonts\umsa.fd
File: umsa.fd 2013/01/14 v3.01 AMS symbols A
)
LaTeX Font Info:    Trying to load font information for U+msb on input line 66.
 (C:\Users\pse18\AppData\Local\Programs\MiKTeX\tex/latex/amsfonts\umsb.fd
File: umsb.fd 2013/01/14 v3.01 AMS symbols B
)
LaTeX Font Info:    Calculating math sizes for size <6.6> on input line 66.

Overfull \hbox (9.2679pt too wide) in paragraph at lines 66--66
[]  
 []


Overfull \hbox (9.2679pt too wide) in paragraph at lines 66--66
[]  
 []


Package xcolor Warning: Incompatible color definition on input line 67.


Underfull \hbox (badness 10000) in paragraph at lines 69--101

 []


Underfull \hbox (badness 10000) in paragraph at lines 69--101

 []




Underfull \vbox (badness 10000) has occurred while \output is active []




Package xcolor Warning: Incompatible color definition on input line 101.

<Logo.png, id=75, 206.27063pt x 53.44969pt>
File: Logo.png Graphic file (type png)
<use Logo.png>
Package pdftex.def Info: Logo.png  used on input line 101.
(pdftex.def)             Requested size: 91.32pt x 23.66309pt.

Overfull \hbox (505.12177pt too wide) has occurred while \output is active
[]
 []


Overfull \hbox (505.12177pt too wide) has occurred while \output is active
[]
 []


Overfull \hbox (505.12177pt too wide) has occurred while \output is active
[]
 []


Underfull \hbox (badness 10000) has occurred while \output is active
[]
 []

[1{C:/Users/pse18/AppData/Local/Programs/MiKTeX/fonts/enc/dvips/base/8r.enc}


 <./Logo.png> <./bullet.png>]

LaTeX Warning: `h' float specifier changed to `ht'.


Underfull \hbox (badness 1424) in paragraph at lines 119--126
[]\T1/ptm/n/n/10 Comparative Eval-u-a-tion of RL Agents: We im-ple-
 []


Underfull \vbox (badness 10000) has occurred while \output is active []





<notaglineLogo.png, id=108, 169.38281pt x 42.91031pt>
File: notaglineLogo.png Graphic file (type png)
<use notaglineLogo.png>
Package pdftex.def Info: notaglineLogo.png  used on input line 139.
(pdftex.def)             Requested size: 91.32pt x 23.1352pt.

Overfull \hbox (505.12177pt too wide) has occurred while \output is active
[]
 []


Overfull \hbox (505.12177pt too wide) has occurred while \output is active
[]
 []


Underfull \hbox (badness 10000) has occurred while \output is active
[]
 []

[2 <./notaglineLogo.png>]

Package xcolor Warning: Incompatible color definition on input line 146.

<Figures/ref_kreisbahn_1.png, id=131, 1077.02374pt x 722.7pt>
File: Figures/ref_kreisbahn_1.png Graphic file (type png)
<use Figures/ref_kreisbahn_1.png>
Package pdftex.def Info: Figures/ref_kreisbahn_1.png  used on input line 151.
(pdftex.def)             Requested size: 242.67355pt x 162.83206pt.
<Figures/ref_kreisbahn_2.png, id=132, 1077.02374pt x 722.7pt>
File: Figures/ref_kreisbahn_2.png Graphic file (type png)
<use Figures/ref_kreisbahn_2.png>
Package pdftex.def Info: Figures/ref_kreisbahn_2.png  used on input line 156.
(pdftex.def)             Requested size: 242.67355pt x 162.83206pt.
<Figures/ref_kreisbahn_3.png, id=133, 1077.02374pt x 722.7pt>
File: Figures/ref_kreisbahn_3.png Graphic file (type png)
<use Figures/ref_kreisbahn_3.png>
Package pdftex.def Info: Figures/ref_kreisbahn_3.png  used on input line 161.
(pdftex.def)             Requested size: 242.67355pt x 162.83206pt.

Underfull \vbox (badness 10000) has occurred while \output is active []





File: notaglineLogo.png Graphic file (type png)
<use notaglineLogo.png>
Package pdftex.def Info: notaglineLogo.png  used on input line 167.
(pdftex.def)             Requested size: 91.32pt x 23.1352pt.

Overfull \hbox (505.12177pt too wide) has occurred while \output is active
[]
 []


Overfull \hbox (505.12177pt too wide) has occurred while \output is active
[]
 []


Underfull \hbox (badness 10000) has occurred while \output is active
[]
 []

[3 <./Figures/ref_kreisbahn_1.png> <./Figures/ref_kreisbahn_2.png> <./Figures/ref_kreisbahn_3.png>]

Package xcolor Warning: Incompatible color definition on input line 167.


Package xcolor Warning: Incompatible color definition on input line 180.


Underfull \hbox (badness 10000) in paragraph at lines 180--190

 []


Underfull \hbox (badness 10000) in paragraph at lines 180--190

 []


Package xcolor Warning: Incompatible color definition on input line 190.



<Figures/Spacerobot_slx.png, id=165, 1038.88126pt x 519.44063pt>
File: Figures/Spacerobot_slx.png Graphic file (type png)
<use Figures/Spacerobot_slx.png>
Package pdftex.def Info: Figures/Spacerobot_slx.png  used on input line 199.
(pdftex.def)             Requested size: 242.67355pt x 121.33144pt.
LaTeX Font Info:    Trying to load font information for T1+pcr on input line 200.
(C:\Users\pse18\AppData\Local\Programs\MiKTeX\tex/latex/psnfss\t1pcr.fd
File: t1pcr.fd 2001/06/04 font definitions for T1/pcr.
)
Underfull \hbox (badness 10000) in paragraph at lines 200--200
[]\T1/ptm/n/n/10 FIGURE 2: |Overview of the Simulink model
 []

<Figures/spacerobot_slx_robot.png, id=170, 1256.44406pt x 532.99126pt>
File: Figures/spacerobot_slx_robot.png Graphic file (type png)
<use Figures/spacerobot_slx_robot.png>
Package pdftex.def Info: Figures/spacerobot_slx_robot.png  used on input line 214.
(pdftex.def)             Requested size: 242.67355pt x 102.9366pt.

Underfull \hbox (badness 1354) in paragraph at lines 218--224
[]\T1/ptm/n/n/10 Controller (RL Agent Block): a con-trol sub-sys-tem
 []

<Figures/spacerobot_slx_reference.png, id=174, 888.31876pt x 283.0575pt>
File: Figures/spacerobot_slx_reference.png Graphic file (type png)
<use Figures/spacerobot_slx_reference.png>
Package pdftex.def Info: Figures/spacerobot_slx_reference.png  used on input line 233.
(pdftex.def)             Requested size: 242.67355pt x 77.3249pt.


File: notaglineLogo.png Graphic file (type png)
<use notaglineLogo.png>
Package pdftex.def Info: notaglineLogo.png  used on input line 236.
(pdftex.def)             Requested size: 91.32pt x 23.1352pt.

Overfull \hbox (505.12177pt too wide) has occurred while \output is active
[]
 []


Overfull \hbox (505.12177pt too wide) has occurred while \output is active
[]
 []


Underfull \hbox (badness 10000) has occurred while \output is active
[]
 []

[4 <./Figures/Spacerobot_slx.png> <./Figures/spacerobot_slx_robot.png>]
Underfull \hbox (badness 10000) in paragraph at lines 251--261

 []


Underfull \hbox (badness 10000) in paragraph at lines 251--261

 []




Package xcolor Warning: Incompatible color definition on input line 261.


Underfull \hbox (badness 10000) in paragraph at lines 261--276

 []


Underfull \hbox (badness 1430) in paragraph at lines 261--276
\T1/ptm/n/n/10 During sim-u-la-tion, the ref-er-ence sub-sys-tem out-puts the
 []


Underfull \hbox (badness 10000) in paragraph at lines 261--276

 []


Underfull \hbox (badness 10000) in paragraph at lines 261--276

 []


Package xcolor Warning: Incompatible color definition on input line 277.



File: notaglineLogo.png Graphic file (type png)
<use notaglineLogo.png>
Package pdftex.def Info: notaglineLogo.png  used on input line 297.
(pdftex.def)             Requested size: 91.32pt x 23.1352pt.

Overfull \hbox (505.12177pt too wide) has occurred while \output is active
[]
 []


Overfull \hbox (505.12177pt too wide) has occurred while \output is active
[]
 []


Underfull \hbox (badness 10000) has occurred while \output is active
[]
 []

[5 <./Figures/spacerobot_slx_reference.png>]
Underfull \hbox (badness 10000) in paragraph at lines 298--324

 []


Underfull \hbox (badness 10000) in paragraph at lines 298--324

 []

<Figures/spacerobot_slx_redardfcn.png, id=217, 599.99156pt x 406.51875pt>
File: Figures/spacerobot_slx_redardfcn.png Graphic file (type png)
<use Figures/spacerobot_slx_redardfcn.png>
Package pdftex.def Info: Figures/spacerobot_slx_redardfcn.png  used on input line 327.
(pdftex.def)             Requested size: 242.67355pt x 164.42207pt.

Underfull \vbox (badness 10000) has occurred while \output is active []




Underfull \hbox (badness 1584) in paragraph at lines 341--346
[]\T1/ptm/n/n/10 Base Mo-tion Penalty: To keep the base as sta-ble
 []


Underfull \hbox (badness 10000) in paragraph at lines 352--365

 []



File: notaglineLogo.png Graphic file (type png)
<use notaglineLogo.png>
Package pdftex.def Info: notaglineLogo.png  used on input line 365.
(pdftex.def)             Requested size: 91.32pt x 23.1352pt.

Overfull \hbox (505.12177pt too wide) has occurred while \output is active
[]
 []


Overfull \hbox (505.12177pt too wide) has occurred while \output is active
[]
 []


Underfull \hbox (badness 10000) has occurred while \output is active
[]
 []

[6 <./Figures/spacerobot_slx_redardfcn.png>]

LaTeX Warning: Command \textbardbl invalid in math mode on input line 367.

LaTeX Font Info:    Trying to load font information for TS1+ptm on input line 367.
(C:\Users\pse18\AppData\Local\Programs\MiKTeX\tex/latex/psnfss\ts1ptm.fd
File: ts1ptm.fd 2001/06/04 font definitions for TS1/ptm.
)

LaTeX Font Warning: Font shape `TS1/ptm/n/n' undefined
(Font)              using `TS1/ptm/m/n' instead
(Font)              for symbol `textbardbl' on input line 367.


LaTeX Warning: Command \textbardbl invalid in math mode on input line 367.


LaTeX Warning: Command \textbardbl invalid in math mode on input line 367.


LaTeX Warning: Command \textbardbl invalid in math mode on input line 367.

Missing character: There is no † in font cmr10!
Missing character: There is no † in font cmr10!

Underfull \hbox (badness 10000) in paragraph at lines 387--437

 []


Underfull \hbox (badness 10000) in paragraph at lines 387--437

 []


Underfull \hbox (badness 10000) in paragraph at lines 387--437

 []


Underfull \hbox (badness 10000) in paragraph at lines 387--437

 []


Underfull \hbox (badness 10000) in paragraph at lines 387--437

 []





File: notaglineLogo.png Graphic file (type png)
<use notaglineLogo.png>
Package pdftex.def Info: notaglineLogo.png  used on input line 437.
(pdftex.def)             Requested size: 91.32pt x 23.1352pt.

Overfull \hbox (505.12177pt too wide) has occurred while \output is active
[]
 []


Overfull \hbox (505.12177pt too wide) has occurred while \output is active
[]
 []


Underfull \hbox (badness 10000) has occurred while \output is active
[]
 []

[7]
Underfull \hbox (badness 10000) in paragraph at lines 458--467

 []


Package xcolor Warning: Incompatible color definition on input line 468.


Underfull \vbox (badness 10000) has occurred while \output is active []



<Figures/impuls_monitor.png, id=241, 1336.995pt x 513.41812pt>
File: Figures/impuls_monitor.png Graphic file (type png)
<use Figures/impuls_monitor.png>
Package pdftex.def Info: Figures/impuls_monitor.png  used on input line 477.
(pdftex.def)             Requested size: 242.67355pt x 93.18684pt.
<Figures/impulserhaltung_scope.png, id=242, 1294.8375pt x 722.7pt>
File: Figures/impulserhaltung_scope.png Graphic file (type png)
<use Figures/impulserhaltung_scope.png>
Package pdftex.def Info: Figures/impulserhaltung_scope.png  used on input line 483.
(pdftex.def)             Requested size: 242.67355pt x 135.43974pt.


File: notaglineLogo.png Graphic file (type png)
<use notaglineLogo.png>
Package pdftex.def Info: notaglineLogo.png  used on input line 501.
(pdftex.def)             Requested size: 91.32pt x 23.1352pt.

Overfull \hbox (505.12177pt too wide) has occurred while \output is active
[]
 []


Overfull \hbox (505.12177pt too wide) has occurred while \output is active
[]
 []


Underfull \hbox (badness 10000) has occurred while \output is active
[]
 []

[8 <./Figures/impuls_monitor.png> <./Figures/impulserhaltung_scope.png>]
<Figures/spacerobot_slx_colissionmonitor.png, id=255, 484.81125pt x 134.00063pt>
File: Figures/spacerobot_slx_colissionmonitor.png Graphic file (type png)
<use Figures/spacerobot_slx_colissionmonitor.png>
Package pdftex.def Info: Figures/spacerobot_slx_colissionmonitor.png  used on input line 503.
(pdftex.def)             Requested size: 242.67355pt x 67.07579pt.
<Figures/warning_collision.png, id=256, 421.575pt x 96.36pt>
File: Figures/warning_collision.png Graphic file (type png)
<use Figures/warning_collision.png>
Package pdftex.def Info: Figures/warning_collision.png  used on input line 512.
(pdftex.def)             Requested size: 242.67355pt x 55.4683pt.
<Figures/tau_collision.png, id=257, 1168.365pt x 846.16125pt>
File: Figures/tau_collision.png Graphic file (type png)
<use Figures/tau_collision.png>
Package pdftex.def Info: Figures/tau_collision.png  used on input line 519.
(pdftex.def)             Requested size: 242.67355pt x 175.74948pt.

Underfull \hbox (badness 10000) in paragraph at lines 526--562

 []



<Figures/verify_tau_slx.png, id=261, 505.13719pt x 469.755pt>
File: Figures/verify_tau_slx.png Graphic file (type png)
<use Figures/verify_tau_slx.png>
Package pdftex.def Info: Figures/verify_tau_slx.png  used on input line 565.
(pdftex.def)             Requested size: 242.67355pt x 225.67337pt.
<Figures/verify_tau_reslult.png, id=262, 405.01312pt x 257.46187pt>
File: Figures/verify_tau_reslult.png Graphic file (type png)
<use Figures/verify_tau_reslult.png>
Package pdftex.def Info: Figures/verify_tau_reslult.png  used on input line 571.
(pdftex.def)             Requested size: 242.67355pt x 154.26616pt.

Underfull \vbox (badness 10000) has occurred while \output is active []



File: notaglineLogo.png Graphic file (type png)
<use notaglineLogo.png>
Package pdftex.def Info: notaglineLogo.png  used on input line 574.
(pdftex.def)             Requested size: 91.32pt x 23.1352pt.

Overfull \hbox (505.12177pt too wide) has occurred while \output is active
[]
 []


Overfull \hbox (505.12177pt too wide) has occurred while \output is active
[]
 []


Underfull \hbox (badness 10000) has occurred while \output is active
[]
 []

[9 <./Figures/spacerobot_slx_colissionmonitor.png> <./Figures/warning_collision.png> <./Figures/tau_collision.png (PNG copy)>]
Underfull \hbox (badness 10000) in paragraph at lines 575--611

 []


Underfull \hbox (badness 10000) in paragraph at lines 575--611

 []




Package xcolor Warning: Incompatible color definition on input line 612.



File: notaglineLogo.png Graphic file (type png)
<use notaglineLogo.png>
Package pdftex.def Info: notaglineLogo.png  used on input line 623.
(pdftex.def)             Requested size: 91.32pt x 23.1352pt.

Overfull \hbox (505.12177pt too wide) has occurred while \output is active
[]
 []


Overfull \hbox (505.12177pt too wide) has occurred while \output is active
[]
 []


Underfull \hbox (badness 10000) has occurred while \output is active
[]
 []

[10 <./Figures/verify_tau_slx.png> <./Figures/verify_tau_reslult.png>]
Underfull \hbox (badness 10000) in paragraph at lines 639--665

 []


Underfull \hbox (badness 10000) in paragraph at lines 639--665

 []


Overfull \hbox (3.83101pt too wide) in paragraph at lines 694--735
 [][] 
 []


Underfull \hbox (badness 10000) in paragraph at lines 666--736

 []


Underfull \hbox (badness 10000) in paragraph at lines 666--736

 []




Underfull \vbox (badness 10000) has occurred while \output is active []



File: notaglineLogo.png Graphic file (type png)
<use notaglineLogo.png>
Package pdftex.def Info: notaglineLogo.png  used on input line 737.
(pdftex.def)             Requested size: 91.32pt x 23.1352pt.

Overfull \hbox (505.12177pt too wide) has occurred while \output is active
[]
 []


Overfull \hbox (505.12177pt too wide) has occurred while \output is active
[]
 []


Underfull \hbox (badness 10000) has occurred while \output is active
[]
 []

[11]



File: notaglineLogo.png Graphic file (type png)
<use notaglineLogo.png>
Package pdftex.def Info: notaglineLogo.png  used on input line 799.
(pdftex.def)             Requested size: 91.32pt x 23.1352pt.

Overfull \hbox (505.12177pt too wide) has occurred while \output is active
[]
 []


Overfull \hbox (505.12177pt too wide) has occurred while \output is active
[]
 []


Underfull \hbox (badness 10000) has occurred while \output is active
[]
 []

[12]
Underfull \hbox (badness 1371) in paragraph at lines 821--838
\T1/ptm/n/n/10 ro-tated (one could see slight counter-movements which
 []


Underfull \hbox (badness 10000) in paragraph at lines 821--838

 []


Underfull \vbox (badness 10000) has occurred while \output is active []




Underfull \hbox (badness 10000) in paragraph at lines 843--846
\T1/ptm/n/n/10 bet-ter per-for-mance and were sig-nif-i-cantly more
 []


Underfull \hbox (badness 10000) in paragraph at lines 849--856

 []


Package xcolor Warning: Incompatible color definition on input line 857.


Underfull \hbox (badness 10000) in paragraph at lines 858--882

 []


Underfull \hbox (badness 10000) in paragraph at lines 858--882

 []


Underfull \hbox (badness 1490) in paragraph at lines 858--882
\T1/ptm/n/n/10 hy-per-pa-ram-e-ters and eval-u-ated their im-pact on train-ing
 []



File: notaglineLogo.png Graphic file (type png)
<use notaglineLogo.png>
Package pdftex.def Info: notaglineLogo.png  used on input line 882.
(pdftex.def)             Requested size: 91.32pt x 23.1352pt.

Overfull \hbox (505.12177pt too wide) has occurred while \output is active
[]
 []


Overfull \hbox (505.12177pt too wide) has occurred while \output is active
[]
 []


Underfull \hbox (badness 10000) has occurred while \output is active
[]
 []

[13]
Underfull \vbox (badness 10000) has occurred while \output is active []



<Figures/rainingsverlauf_ppo_default.png, id=320, 940.51375pt x 650.43pt>
File: Figures/rainingsverlauf_ppo_default.png Graphic file (type png)
<use Figures/rainingsverlauf_ppo_default.png>
Package pdftex.def Info: Figures/rainingsverlauf_ppo_default.png  used on input line 916.
(pdftex.def)             Requested size: 242.67355pt x 167.81758pt.
<Figures/trainingsverlauf_ppo_optimized.png, id=321, 700.86844pt x 485.56406pt>
File: Figures/trainingsverlauf_ppo_optimized.png Graphic file (type png)
<use Figures/trainingsverlauf_ppo_optimized.png>
Package pdftex.def Info: Figures/trainingsverlauf_ppo_optimized.png  used on input line 922.
(pdftex.def)             Requested size: 242.67355pt x 168.1199pt.

Underfull \vbox (badness 10000) has occurred while \output is active []



File: notaglineLogo.png Graphic file (type png)
<use notaglineLogo.png>
Package pdftex.def Info: notaglineLogo.png  used on input line 929.
(pdftex.def)             Requested size: 91.32pt x 23.1352pt.

Overfull \hbox (505.12177pt too wide) has occurred while \output is active
[]
 []


Overfull \hbox (505.12177pt too wide) has occurred while \output is active
[]
 []


Underfull \hbox (badness 10000) has occurred while \output is active
[]
 []

[14]
<Figures/soll_vs_ist_kreisbahn.png, id=327, 967.615pt x 722.7pt>
File: Figures/soll_vs_ist_kreisbahn.png Graphic file (type png)
<use Figures/soll_vs_ist_kreisbahn.png>
Package pdftex.def Info: Figures/soll_vs_ist_kreisbahn.png  used on input line 947.
(pdftex.def)             Requested size: 242.67355pt x 181.24799pt.
<Figures/soll_vs_ist_kreisbahn_opt.png, id=328, 967.615pt x 722.7pt>
File: Figures/soll_vs_ist_kreisbahn_opt.png Graphic file (type png)
<use Figures/soll_vs_ist_kreisbahn_opt.png>
Package pdftex.def Info: Figures/soll_vs_ist_kreisbahn_opt.png  used on input line 953.
(pdftex.def)             Requested size: 242.67355pt x 181.24799pt.

Underfull \vbox (badness 1565) has occurred while \output is active []



<Figures/basis_orientaion_ppo.png, id=329, 967.615pt x 722.7pt>
File: Figures/basis_orientaion_ppo.png Graphic file (type png)
<use Figures/basis_orientaion_ppo.png>
Package pdftex.def Info: Figures/basis_orientaion_ppo.png  used on input line 964.
(pdftex.def)             Requested size: 242.67355pt x 181.24799pt.
<Figures/basis_orientation_ppo_optimized.png, id=330, 967.615pt x 722.7pt>
File: Figures/basis_orientation_ppo_optimized.png Graphic file (type png)
<use Figures/basis_orientation_ppo_optimized.png>
Package pdftex.def Info: Figures/basis_orientation_ppo_optimized.png  used on input line 970.
(pdftex.def)             Requested size: 242.67355pt x 181.24799pt.

Underfull \vbox (badness 10000) has occurred while \output is active []



File: notaglineLogo.png Graphic file (type png)
<use notaglineLogo.png>
Package pdftex.def Info: notaglineLogo.png  used on input line 977.
(pdftex.def)             Requested size: 91.32pt x 23.1352pt.

Overfull \hbox (505.12177pt too wide) has occurred while \output is active
[]
 []


Overfull \hbox (505.12177pt too wide) has occurred while \output is active
[]
 []


Underfull \hbox (badness 10000) has occurred while \output is active
[]
 []

[15 <./Figures/rainingsverlauf_ppo_default.png (PNG copy)> <./Figures/trainingsverlauf_ppo_optimized.png> <./Figures/soll_vs_ist_kreisbahn.png> <./Figures/soll_vs_ist_kreisbahn_opt.png>]


Overfull \hbox (5.5004pt too wide) in paragraph at lines 1028--1044
 [][] 
 []


Underfull \vbox (badness 10000) has occurred while \output is active []



File: notaglineLogo.png Graphic file (type png)
<use notaglineLogo.png>
Package pdftex.def Info: notaglineLogo.png  used on input line 1045.
(pdftex.def)             Requested size: 91.32pt x 23.1352pt.

Overfull \hbox (505.12177pt too wide) has occurred while \output is active
[]
 []


Overfull \hbox (505.12177pt too wide) has occurred while \output is active
[]
 []


Underfull \hbox (badness 10000) has occurred while \output is active
[]
 []

[16 <./Figures/basis_orientaion_ppo.png> <./Figures/basis_orientation_ppo_optimized.png>]
Underfull \hbox (badness 10000) in paragraph at lines 1046--1060

 []


Underfull \hbox (badness 10000) in paragraph at lines 1046--1060

 []


Package xcolor Warning: Incompatible color definition on input line 1061.


LaTeX Font Warning: Font shape `T1/ptm/n/it' undefined
(Font)              using `T1/ptm/n/n' instead on input line 1098.


Underfull \hbox (badness 10000) in paragraph at lines 1062--1100

 []


Underfull \hbox (badness 10000) in paragraph at lines 1062--1100

 []


Underfull \hbox (badness 10000) in paragraph at lines 1062--1100

 []





File: notaglineLogo.png Graphic file (type png)
<use notaglineLogo.png>
Package pdftex.def Info: notaglineLogo.png  used on input line 1112.
(pdftex.def)             Requested size: 91.32pt x 23.1352pt.

Overfull \hbox (505.12177pt too wide) has occurred while \output is active
[]
 []


Overfull \hbox (505.12177pt too wide) has occurred while \output is active
[]
 []


Underfull \hbox (badness 10000) has occurred while \output is active
[]
 []

[17]
<Figures/rampe_1.png, id=368, 664.4022pt x 439.4016pt>
File: Figures/rampe_1.png Graphic file (type png)
<use Figures/rampe_1.png>
Package pdftex.def Info: Figures/rampe_1.png  used on input line 1118.
(pdftex.def)             Requested size: 242.67355pt x 160.49088pt.
<Figures/rampe_opt_1.png, id=369, 664.4022pt x 439.4016pt>
File: Figures/rampe_opt_1.png Graphic file (type png)
<use Figures/rampe_opt_1.png>
Package pdftex.def Info: Figures/rampe_opt_1.png  used on input line 1124.
(pdftex.def)             Requested size: 242.67355pt x 160.49088pt.
<Figures/basis_ori_1.png, id=370, 750.1626pt x 477.4638pt>
File: Figures/basis_ori_1.png Graphic file (type png)
<use Figures/basis_ori_1.png>
Package pdftex.def Info: Figures/basis_ori_1.png  used on input line 1135.
(pdftex.def)             Requested size: 242.67355pt x 154.45262pt.
<Figures/basis_ori_opt_1.png, id=371, 750.1626pt x 477.4638pt>
File: Figures/basis_ori_opt_1.png Graphic file (type png)
<use Figures/basis_ori_opt_1.png>
Package pdftex.def Info: Figures/basis_ori_opt_1.png  used on input line 1141.
(pdftex.def)             Requested size: 242.67355pt x 154.45262pt.

Underfull \vbox (badness 10000) has occurred while \output is active []




Underfull \hbox (badness 1603) in paragraph at lines 1149--1155
\T1/ptm/n/n/10 the piecewise-linear ref-er-ence. The op-ti-mized PPO im-
 []


Overfull \hbox (17.73253pt too wide) in paragraph at lines 1160--1175
 [][] 
 []


Underfull \vbox (badness 10000) has occurred while \output is active []



File: notaglineLogo.png Graphic file (type png)
<use notaglineLogo.png>
Package pdftex.def Info: notaglineLogo.png  used on input line 1178.
(pdftex.def)             Requested size: 91.32pt x 23.1352pt.

Overfull \hbox (505.12177pt too wide) has occurred while \output is active
[]
 []


Overfull \hbox (505.12177pt too wide) has occurred while \output is active
[]
 []


Underfull \hbox (badness 10000) has occurred while \output is active
[]
 []

[18 <./Figures/rampe_1.png (PNG copy)> <./Figures/rampe_opt_1.png (PNG copy)> <./Figures/basis_ori_1.png (PNG copy)> <./Figures/basis_ori_opt_1.png (PNG copy)>]


Underfull \hbox (badness 4132) in paragraph at lines 1210--1217
[]\T1/ptm/n/n/10 No Hard-ware Test-ing: We did not per-form any
 []



File: notaglineLogo.png Graphic file (type png)
<use notaglineLogo.png>
Package pdftex.def Info: notaglineLogo.png  used on input line 1239.
(pdftex.def)             Requested size: 91.32pt x 23.1352pt.

Overfull \hbox (505.12177pt too wide) has occurred while \output is active
[]
 []


Overfull \hbox (505.12177pt too wide) has occurred while \output is active
[]
 []


Underfull \hbox (badness 10000) has occurred while \output is active
[]
 []

[19]


Underfull \hbox (badness 10000) in paragraph at lines 1282--1313

 []


Underfull \hbox (badness 10000) in paragraph at lines 1282--1313

 []


Underfull \hbox (badness 10000) in paragraph at lines 1282--1313

 []


Underfull \vbox (badness 10000) has occurred while \output is active []



File: notaglineLogo.png Graphic file (type png)
<use notaglineLogo.png>
Package pdftex.def Info: notaglineLogo.png  used on input line 1313.
(pdftex.def)             Requested size: 91.32pt x 23.1352pt.

Overfull \hbox (505.12177pt too wide) has occurred while \output is active
[]
 []


Overfull \hbox (505.12177pt too wide) has occurred while \output is active
[]
 []


Underfull \hbox (badness 10000) has occurred while \output is active
[]
 []

[20]

Package xcolor Warning: Incompatible color definition on input line 1314.

LaTeX Font Info:    Calculating math sizes for size <7.61> on input line 1319.

Underfull \hbox (badness 6316) in paragraph at lines 1317--1320
[]\T1/ptm/n/it/7.61 A. Flores-Abad, O. Ma, K. Pham, and S. Ul-rich, ``A re-view
 []


Underfull \hbox (badness 2142) in paragraph at lines 1317--1320
\T1/ptm/n/it/7.61 of space robotics tech-nolo-gies for on-orbit ser-vic-ing,'' Progress in
 []


Underfull \hbox (badness 2237) in paragraph at lines 1317--1320
\T1/ptm/n/it/7.61 Aerospace Sci-ences, vol. 68, pp. 1--26, 2014. [On-line]. Avail-able:
 []


Underfull \hbox (badness 1867) in paragraph at lines 1332--1334
[]\T1/ptm/n/it/7.61 E. Pa-padopou-los and A. Abu-Abed, ``De-sign and mo-tion plan-ning
 []


Underfull \hbox (badness 10000) in paragraph at lines 1332--1334
\T1/ptm/n/it/7.61 for a zero-reaction ma-nip-u-la-tor,'' in Proc. IEEE Int. Conf.
 []


Underfull \hbox (badness 10000) in paragraph at lines 1332--1334
\T1/ptm/n/it/7.61 Robotics and Au-toma-tion (ICRA), 1994, pp. 1554--1559, doi:
 []


Underfull \hbox (badness 6792) in paragraph at lines 1360--1363
[]\T1/ptm/n/it/7.61 T. Haarnoja et al., ``Soft actor-critic: Off-policy max-i-mum en-
 []


Underfull \hbox (badness 4454) in paragraph at lines 1360--1363
\T1/ptm/n/it/7.61 Int. Conf. Ma-chine Learn-ing (ICML), 2018. [On-line]. Avail-able:
 []




Underfull \hbox (badness 10000) in paragraph at lines 1383--1385
[]\T1/ptm/n/it/7.61 MathWorks, ``Simulink De-sign Ver-i-fier,'' The Math-Works,
 []


Underfull \hbox (badness 10000) in paragraph at lines 1383--1385
\T1/ptm/n/it/7.61 Inc., Nat-ick, MA, USA, 2023. [On-line]. Avail-able:
 []


Underfull \hbox (badness 7540) in paragraph at lines 1403--1405
[]\T1/ptm/n/it/7.61 MathWorks, ``Mech-a-nism Con-fig-u-ra-tion -- Mechanism-wide grav-
 []


Underfull \hbox (badness 3108) in paragraph at lines 1403--1405
\T1/ptm/n/it/7.61 ity and sim-u-la-tion pa-ram-e-ters,'' MAT-LAB & Simulink Doc-u-men-
 []


Underfull \hbox (badness 7944) in paragraph at lines 1403--1405
\T1/ptm/n/it/7.61 ta-tion. [On-line]. Avail-able: [][]$https : / / www . mathworks . com / help / sm / ref /
 []


Underfull \hbox (badness 10000) in paragraph at lines 1426--1428
[]\T1/ptm/n/it/7.61 MathWorks, ``6-DOF Joint (Sim-scape Multi-body),'' The
 []


Underfull \hbox (badness 5985) in paragraph at lines 1426--1428
\T1/ptm/n/it/7.61 Math-Works, Inc., Nat-ick, MA, USA, 2023. [On-line]. Avail-able:
 []


Underfull \hbox (badness 1789) in paragraph at lines 1438--1440
[]\T1/ptm/n/it/7.61 MathWorks, ``Solver Con-fig-u-ra-tion -- Phys-i-cal net-work en-vi-ron-ment
 []


Underfull \hbox (badness 4752) in paragraph at lines 1438--1440
\T1/ptm/n/it/7.61 and solver con-fig-u-ra-tion,'' MAT-LAB & Simulink Doc-u-men-ta-tion.
 []


Underfull \hbox (badness 10000) in paragraph at lines 1438--1440
\T1/ptm/n/it/7.61 [On-line]. Avail-able: [][]$https : / / www . mathworks . com / help / simscape / ref /
 []



File: notaglineLogo.png Graphic file (type png)
<use notaglineLogo.png>
Package pdftex.def Info: notaglineLogo.png  used on input line 1445.
(pdftex.def)             Requested size: 91.32pt x 23.1352pt.

Overfull \hbox (505.12177pt too wide) has occurred while \output is active
[]
 []


Overfull \hbox (505.12177pt too wide) has occurred while \output is active
[]
 []


Underfull \hbox (badness 10000) has occurred while \output is active
[]
 []

[21]
Underfull \hbox (badness 3919) in paragraph at lines 1446--1449
[]\T1/ptm/m/n/7.61 J. Kober, J. A. Bag-nell, and J. Pe-ters, ``Re-in-force-ment learn-ing
 []


Underfull \hbox (badness 2020) in paragraph at lines 1446--1449
\T1/ptm/m/n/7.61 in robotics: A sur-vey,'' The In-ter-na-tional Jour-nal of Robotics Re-
 []


Underfull \hbox (badness 1454) in paragraph at lines 1446--1449
\T1/ptm/m/n/7.61 search, vol. 32, no. 11, pp. 1238--1274, 2013. [On-line]. Avail-able:
 []


Underfull \hbox (badness 1436) in paragraph at lines 1451--1454
[]\T1/ptm/m/n/7.61 T. P. Lil-l-i-crap et al., ``Con-tin-u-ous con-trol with deep re-in-force-ment
 []


Underfull \hbox (badness 10000) in paragraph at lines 1451--1454
\T1/ptm/m/n/7.61 learn-ing,'' arXiv:1509.02971, 2015. [On-line]. Avail-able:
 []


Underfull \hbox (badness 1622) in paragraph at lines 1456--1458
[]\T1/ptm/m/n/7.61 MathWorks, ``Re-in-force-ment Learn-ing Tool-box -- rlP-POA-gent,'' The
 []


Underfull \hbox (badness 5985) in paragraph at lines 1456--1458
\T1/ptm/m/n/7.61 Math-Works, Inc., Nat-ick, MA, USA, 2023. [On-line]. Avail-able:
 []


Overfull \hbox (36.30544pt too wide) in paragraph at lines 1456--1458
[]$ 
 []


Package hyperref Warning: The anchor of a bookmark and its parent's must not
(hyperref)                be the same. Added a new anchor on input line 1474.

<a1.png, id=424, 72.27pt x 90.3375pt>
File: a1.png Graphic file (type png)
<use a1.png>
Package pdftex.def Info: a1.png  used on input line 1474.
(pdftex.def)             Requested size: 72.2709pt x 90.33864pt.
File: a1.png Graphic file (type png)
<use a1.png>
Package pdftex.def Info: a1.png  used on input line 1474.
(pdftex.def)             Requested size: 72.2709pt x 90.33864pt.
<a2.png, id=427, 72.27pt x 90.3375pt>
File: a2.png Graphic file (type png)
<use a2.png>
Package pdftex.def Info: a2.png  used on input line 1500.
(pdftex.def)             Requested size: 72.2709pt x 90.33864pt.
File: a2.png Graphic file (type png)
<use a2.png>
Package pdftex.def Info: a2.png  used on input line 1500.
(pdftex.def)             Requested size: 72.2709pt x 90.33864pt.

Underfull \hbox (badness 2189) in paragraph at lines 1500--1518
\T1/ptm/n/it/8 lottesville, in 2001 and the Ph.D. de-gree in
 []



<a3.png, id=430, 72.27pt x 90.3375pt>
File: a3.png Graphic file (type png)
<use a3.png>
Package pdftex.def Info: a3.png  used on input line 1520.
(pdftex.def)             Requested size: 72.2709pt x 90.33864pt.
File: a3.png Graphic file (type png)
<use a3.png>
Package pdftex.def Info: a3.png  used on input line 1520.
(pdftex.def)             Requested size: 72.2709pt x 90.33864pt.
File: bullet.png Graphic file (type png)
<use bullet.png>
Package pdftex.def Info: bullet.png  used on input line 1539.
(pdftex.def)             Requested size: 5.0pt x 14.6871pt.


File: notaglineLogo.png Graphic file (type png)
<use notaglineLogo.png>
Package pdftex.def Info: notaglineLogo.png  used on input line 1541.
(pdftex.def)             Requested size: 91.32pt x 23.1352pt.

Overfull \hbox (505.12177pt too wide) has occurred while \output is active
[]
 []


Overfull \hbox (505.12177pt too wide) has occurred while \output is active
[]
 []


Underfull \hbox (badness 10000) has occurred while \output is active
[]
 []

[22 <./a1.png> <./a2.png> <./a3.png>] (access.aux)
 ***********
LaTeX2e <2024-11-01> patch level 2
L3 programming layer <2025-04-14>
 ***********


LaTeX Font Warning: Some font shapes were not available, defaults substituted.

Package rerunfilecheck Info: File `access.out' has not changed.
(rerunfilecheck)             Checksum: 7C1F0CE071D152ADBD5184B33417094E;3149.
 ) 
Here is how much of TeX's memory you used:
 16006 strings out of 469941
 271963 string characters out of 5469430
 689020 words of memory out of 5000000
 42480 multiletter control sequences out of 15000+600000
 727313 words of font info for 178 fonts, out of 8000000 for 9000
 1141 hyphenation exceptions out of 8191
 83i,18n,131p,775b,625s stack positions out of 10000i,1000n,20000p,200000b,200000s

pdfTeX warning (dest): name{section*.22} has been referenced but does not exist, replaced by a fixed one

<C:/Users/pse18/AppData/Local/Programs/MiKTeX/fonts/type1/public/amsfonts/cm/cmex10.pfb><C:/Users/pse18/AppData/Local/Programs/MiKTeX/fonts/type1/public/amsfonts/cm/cmmi10.pfb><C:/Users/pse18/AppData/Local/Programs/MiKTeX/fonts/type1/public/amsfonts/cm/cmmi7.pfb><C:/Users/pse18/AppData/Local/Programs/MiKTeX/fonts/type1/public/amsfonts/cm/cmmi8.pfb><C:/Users/pse18/AppData/Local/Programs/MiKTeX/fonts/type1/public/amsfonts/cm/cmr10.pfb><C:/Users/pse18/AppData/Local/Programs/MiKTeX/fonts/type1/public/amsfonts/cm/cmr5.pfb><C:/Users/pse18/AppData/Local/Programs/MiKTeX/fonts/type1/public/amsfonts/cm/cmr6.pfb><C:/Users/pse18/AppData/Local/Programs/MiKTeX/fonts/type1/public/amsfonts/cm/cmr7.pfb><C:/Users/pse18/AppData/Local/Programs/MiKTeX/fonts/type1/public/amsfonts/cm/cmr8.pfb><C:/Users/pse18/AppData/Local/Programs/MiKTeX/fonts/type1/public/amsfonts/cm/cmsy10.pfb><C:/Users/pse18/AppData/Local/Programs/MiKTeX/fonts/type1/public/amsfonts/cm/cmsy7.pfb><C:/Users/pse18/AppData/Local/Programs/MiKTeX/fonts/type1/public/amsfonts/cm/cmsy8.pfb><C:/Users/pse18/AppData/Local/Programs/MiKTeX/fonts/type1/public/amsfonts/symbols/msbm10.pfb><C:/Users/pse18/AppData/Local/Programs/MiKTeX/fonts/type1/urw/courier/ucrr8a.pfb><C:/Users/pse18/AppData/Local/Programs/MiKTeX/fonts/type1/urw/helvetic/uhvb8a.pfb><C:/Users/pse18/AppData/Local/Programs/MiKTeX/fonts/type1/urw/helvetic/uhvbo8a.pfb><C:/Users/pse18/AppData/Local/Programs/MiKTeX/fonts/type1/urw/helvetic/uhvr8a.pfb><C:/Users/pse18/AppData/Local/Programs/MiKTeX/fonts/type1/urw/helvetic/uhvro8a.pfb><C:/Users/pse18/AppData/Local/Programs/MiKTeX/fonts/type1/urw/times/utmb8a.pfb><C:/Users/pse18/AppData/Local/Programs/MiKTeX/fonts/type1/urw/times/utmr8a.pfb><C:/Users/pse18/AppData/Local/Programs/MiKTeX/fonts/type1/urw/times/utmri8a.pfb>
Output written on access.pdf (22 pages, 1767452 bytes).
PDF statistics:
 551 PDF objects out of 1000 (max. 8388607)
 101 named destinations out of 1000 (max. 500000)
 315 words of extra memory for PDF output out of 10000 (max. 10000000)

